2024-04-24 20:49:28,331 - __main__ - INFO - Session started
2024-04-24 20:49:28,331 - __main__ - INFO - Session started
2024-04-24 20:49:35,195 - __main__ - INFO - Files loaded
2024-04-24 20:49:35,195 - __main__ - INFO - Files loaded
2024-04-24 20:49:41,788 - __main__ - INFO - Successful symbols saved to stocks1_successful.csv.
2024-04-24 20:49:41,788 - __main__ - INFO - Successful symbols saved to stocks1_successful.csv.
2024-04-24 20:49:41,789 - __main__ - INFO - Session stopped
2024-04-24 20:49:41,789 - __main__ - INFO - Session stopped
2024-04-24 20:50:28,053 - __main__ - INFO - Session started
2024-04-24 20:50:34,684 - __main__ - INFO - Files loaded
2024-04-24 20:50:42,497 - __main__ - INFO - Successful symbols saved to stocks1_successful.csv.
2024-04-24 20:50:42,497 - __main__ - INFO - Session stopped
2024-04-24 20:50:55,178 - __main__ - INFO - Session started
__main__ - ERROR - An error occurred: [Errno 2] No such file or directory: 'stocks.csv'
2024-04-24 20:51:00,493 - __main__ - ERROR - An error occurred: [Errno 2] No such file or directory: 'stocks.csv'
2024-04-24 20:51:00,493 - __main__ - INFO - Session stopped
2024-04-24 20:58:11,703 - __main__ - INFO - Session started
An error occurred: [Errno 2] No such file or directory: 'stocks.csv'
2024-04-24 20:58:22,994 - __main__ - ERROR - An error occurred: [Errno 2] No such file or directory: 'stocks.csv'
2024-04-24 20:58:22,998 - __main__ - INFO - Session stopped
2024-04-24 20:58:35,428 - __main__ - INFO - Session started
2024-04-24 20:58:44,211 - __main__ - INFO - Files loaded
2024-04-24 20:58:50,533 - __main__ - INFO - Successful symbols saved to stocks1_successful.csv.
2024-04-24 20:58:50,534 - __main__ - INFO - Session stopped
2024-04-24 20:59:35,959 - __main__ - INFO - Session started
2024-04-24 20:59:43,219 - __main__ - ERROR - An error occurred: [Errno 2] No such file or directory: 'stocks.csv'
2024-04-24 20:59:43,219 - __main__ - INFO - Session stopped
